[2025-01-09 15:06:57,175: INFO: main: wlcome to our custom log]
[2025-01-09 15:10:49,904: INFO: main: wlcome to our custom log]
[2025-01-10 17:22:21,063:INFO:common:yaml file: config\config.yaml loaded successfully]
[2025-01-10 17:27:08,821:INFO:common:yaml file: config\config.yaml loaded successfully]
[2025-01-10 17:27:08,842:INFO:common:yaml file: params.yaml loaded successfully]
[2025-01-10 17:27:08,850:INFO:common:created directory at: artifacts]
[2025-01-10 17:27:08,850:INFO:common:created directory at: artifacts/data_ingestion]
[2025-01-10 17:27:08,856:INFO:986331348:Downloading data from https://drive.google.com/file/d/1vlhZ5c7abUKF8xXERIw6m9Te8fW7ohw3/view?usp=sharing into file artifacts/data_ingestion/data.zip]
[2025-01-10 17:29:12,465:INFO:986331348:Downloaded data from https://drive.google.com/file/d/1vlhZ5c7abUKF8xXERIw6m9Te8fW7ohw3/view?usp=sharing into file artifacts/data_ingestion/data.zip]
[2025-01-10 18:39:09,642:INFO:main:>>>>>> stage Data Ingestion stage started <<<<<<]
[2025-01-10 18:39:09,642:INFO:common:yaml file: config\config.yaml loaded successfully]
[2025-01-10 18:39:09,650:INFO:common:yaml file: params.yaml loaded successfully]
[2025-01-10 18:39:09,650:INFO:common:created directory at: artifacts]
[2025-01-10 18:39:09,653:INFO:common:created directory at: artifacts/data_ingestion]
[2025-01-10 18:39:11,788:INFO:data_ingestion:artifacts/data_ingestion/data.zip download: with following info: 
 Content-Type: text/html; charset=utf-8
X-Robots-Tag: noindex, nofollow, nosnippet
Cache-Control: no-cache, no-store, max-age=0, must-revalidate
Pragma: no-cache
Expires: Mon, 01 Jan 1990 00:00:00 GMT
Date: Fri, 10 Jan 2025 15:39:08 GMT
P3P: CP="This is not a P3P policy! See g.co/p3phelp for more info."
Content-Security-Policy: require-trusted-types-for 'script';report-uri https://csp.withgoogle.com/csp/docs-tt
Referrer-Policy: origin
X-Content-Type-Options: nosniff
X-Frame-Options: SAMEORIGIN
X-XSS-Protection: 1; mode=block
Server: GSE
Set-Cookie: NID=520=Y6eqjwqZswC0eC0_hi7CI4NeCW6XJWcvWXLGpnizO5dAuyzud9IZINjvQV6ElKLzsUjPYvXGn8pRIs4HtsVEslvbIQveNj2pi7M_F_TaFtyWUOUrBbVJxK_pSgP3R8RLaomAhHyM4Oi06x_5W0GS38E42ZMJXy1B-bxAjcJGuJ9bT71a94GSIA; expires=Sat, 12-Jul-2025 15:39:08 GMT; path=/; domain=.google.com; HttpOnly
Alt-Svc: h3=":443"; ma=2592000,h3-29=":443"; ma=2592000
Accept-Ranges: none
Vary: Sec-Fetch-Dest, Sec-Fetch-Mode, Sec-Fetch-Site,Accept-Encoding
Connection: close
Transfer-Encoding: chunked

]
[2025-01-10 18:39:12,171:ERROR:main:File is not a zip file]
Traceback (most recent call last):
  File "main.py", line 11, in <module>
    data_ingestion.main()
  File "C:\Users\WEB\anaconda3\envs\kidney\lib\site-packages\cnnClassifier\pipeline\stage_01_data_ingestion.py", line 18, in main
    data_ingestion.extract_zip_file()
  File "C:\Users\WEB\anaconda3\envs\kidney\lib\site-packages\cnnClassifier\components\data_ingestion.py", line 32, in extract_zip_file
    with zipfile.ZipFile(self.config.local_data_file, 'r') as zip_ref:
  File "C:\Users\WEB\anaconda3\envs\kidney\lib\zipfile.py", line 1271, in __init__
    self._RealGetContents()
  File "C:\Users\WEB\anaconda3\envs\kidney\lib\zipfile.py", line 1338, in _RealGetContents
    raise BadZipFile("File is not a zip file")
zipfile.BadZipFile: File is not a zip file
[2025-01-10 19:22:58,204:INFO:main:>>>>>> stage Data Ingestion stage started <<<<<<]
[2025-01-10 19:22:58,204:INFO:common:yaml file: config\config.yaml loaded successfully]
[2025-01-10 19:22:58,204:INFO:common:yaml file: params.yaml loaded successfully]
[2025-01-10 19:22:58,204:INFO:common:created directory at: artifacts]
[2025-01-10 19:22:58,204:INFO:common:created directory at: artifacts/data_ingestion]
[2025-01-10 19:22:58,204:INFO:data_ingestion:File already exists of size: ~ 31 KB]
[2025-01-10 19:22:58,204:ERROR:main:File is not a zip file]
Traceback (most recent call last):
  File "main.py", line 11, in <module>
    data_ingestion.main()
  File "C:\Users\WEB\anaconda3\envs\kidney\lib\site-packages\cnnClassifier\pipeline\stage_01_data_ingestion.py", line 18, in main
    data_ingestion.extract_zip_file()
  File "C:\Users\WEB\anaconda3\envs\kidney\lib\site-packages\cnnClassifier\components\data_ingestion.py", line 32, in extract_zip_file
    with zipfile.ZipFile(self.config.local_data_file, 'r') as zip_ref:
  File "C:\Users\WEB\anaconda3\envs\kidney\lib\zipfile.py", line 1271, in __init__
    self._RealGetContents()
  File "C:\Users\WEB\anaconda3\envs\kidney\lib\zipfile.py", line 1338, in _RealGetContents
    raise BadZipFile("File is not a zip file")
zipfile.BadZipFile: File is not a zip file
[2025-02-05 13:58:23,083:INFO:common:yaml file: config\config.yaml loaded successfully]
[2025-02-05 13:58:23,452:INFO:common:yaml file: params.yaml loaded successfully]
[2025-02-05 13:58:23,518:INFO:common:created directory at: artifacts]
[2025-02-05 13:58:23,519:INFO:common:created directory at: artifacts/data_ingestion]
[2025-02-05 13:58:23,519:INFO:986331348:Downloading data from https://drive.google.com/file/d/1vlhZ5c7abUKF8xXERIw6m9Te8fW7ohw3/view?usp=sharing into file artifacts/data_ingestion/data.zip]
[2025-02-05 13:59:32,950:INFO:986331348:Downloaded data from https://drive.google.com/file/d/1vlhZ5c7abUKF8xXERIw6m9Te8fW7ohw3/view?usp=sharing into file artifacts/data_ingestion/data.zip]
[2025-02-07 07:34:13,368:INFO:main:>>>>>> stage Data Ingestion stage started <<<<<<]
[2025-02-07 07:34:13,390:INFO:common:yaml file: config\config.yaml loaded successfully]
[2025-02-07 07:34:13,405:INFO:common:yaml file: params.yaml loaded successfully]
[2025-02-07 07:34:13,713:INFO:common:created directory at: artifacts]
[2025-02-07 07:34:13,713:INFO:common:created directory at: artifacts/prepare_base_model]
[2025-02-07 07:34:16,032:ERROR:main:[Errno 2] No such file or directory: 'artifacts/data_ingestion/data.zip']
Traceback (most recent call last):
  File "main.py", line 11, in <module>
    data_ingestion.main()
  File "C:\Users\WEB\anaconda3\envs\kidney\lib\site-packages\cnnClassifier\pipeline\stage_01_data_ingestion.py", line 17, in main
    data_ingestion.download_file()
  File "C:\Users\WEB\anaconda3\envs\kidney\lib\site-packages\cnnClassifier\components\data_ingestion.py", line 15, in download_file
    filename,headers = request.urlretrieve(url=self.config.source_URL,
  File "C:\Users\WEB\anaconda3\envs\kidney\lib\urllib\request.py", line 257, in urlretrieve
    tfp = open(filename, 'wb')
FileNotFoundError: [Errno 2] No such file or directory: 'artifacts/data_ingestion/data.zip'
[2025-02-07 07:50:57,880:INFO:main:>>>>>> stage Data Ingestion stage started <<<<<<]
[2025-02-07 07:50:57,880:INFO:common:yaml file: config\config.yaml loaded successfully]
[2025-02-07 07:50:57,880:INFO:common:yaml file: params.yaml loaded successfully]
[2025-02-07 07:50:57,880:INFO:common:created directory at: artifacts]
[2025-02-07 07:50:57,894:INFO:common:created directory at: artifacts/prepare_base_model]
[2025-02-07 07:51:00,921:INFO:data_ingestion:artifacts/data_ingestion/data.zip download: with following info: 
 Content-Type: text/html; charset=utf-8
X-Robots-Tag: noindex, nofollow, nosnippet
Cache-Control: no-cache, no-store, max-age=0, must-revalidate
Pragma: no-cache
Expires: Mon, 01 Jan 1990 00:00:00 GMT
Date: Fri, 07 Feb 2025 04:50:58 GMT
P3P: CP="This is not a P3P policy! See g.co/p3phelp for more info."
Content-Security-Policy: require-trusted-types-for 'script';report-uri https://csp.withgoogle.com/csp/docs-tt
Referrer-Policy: origin
X-Content-Type-Options: nosniff
X-Frame-Options: SAMEORIGIN
X-XSS-Protection: 1; mode=block
Server: GSE
Set-Cookie: NID=521=YQkS85rfwcBhsf24GE_qln71RN2lZus18wx9v3i-RpMZJkadbDUm7aO8ym3aZ0QsxgENjnRP-NEyNeeRt3XPIFqf_tdL6YtrV57x00f3ig6IZOyQVNw6ouhqR93rDRESiV0bwIvklbNPv1eVYto6YLx8bljc4fzhryHdDDG0OTTvt04Y_x7sdghIW9lF; expires=Sat, 09-Aug-2025 04:50:58 GMT; path=/; domain=.google.com; HttpOnly
Alt-Svc: h3=":443"; ma=2592000,h3-29=":443"; ma=2592000
Accept-Ranges: none
Vary: Sec-Fetch-Dest, Sec-Fetch-Mode, Sec-Fetch-Site,Accept-Encoding
Connection: close
Transfer-Encoding: chunked

]
[2025-02-07 07:51:01,545:ERROR:main:File is not a zip file]
Traceback (most recent call last):
  File "main.py", line 11, in <module>
    data_ingestion.main()
  File "C:\Users\WEB\anaconda3\envs\kidney\lib\site-packages\cnnClassifier\pipeline\stage_01_data_ingestion.py", line 18, in main
    data_ingestion.extract_zip_file()
  File "C:\Users\WEB\anaconda3\envs\kidney\lib\site-packages\cnnClassifier\components\data_ingestion.py", line 32, in extract_zip_file
    with zipfile.ZipFile(self.config.local_data_file, 'r') as zip_ref:
  File "C:\Users\WEB\anaconda3\envs\kidney\lib\zipfile.py", line 1271, in __init__
    self._RealGetContents()
  File "C:\Users\WEB\anaconda3\envs\kidney\lib\zipfile.py", line 1338, in _RealGetContents
    raise BadZipFile("File is not a zip file")
zipfile.BadZipFile: File is not a zip file
[2025-02-07 07:59:03,521:INFO:main:>>>>>> stage Data Ingestion stage started <<<<<<]
[2025-02-07 07:59:03,521:INFO:common:yaml file: config\config.yaml loaded successfully]
[2025-02-07 07:59:03,521:INFO:common:yaml file: params.yaml loaded successfully]
[2025-02-07 07:59:03,538:INFO:common:created directory at: artifacts]
[2025-02-07 07:59:03,643:INFO:common:created directory at: artifacts/prepare_base_model]
[2025-02-07 07:59:05,516:ERROR:main:[Errno 2] No such file or directory: 'artifacts/data_ingestion/data.zip']
Traceback (most recent call last):
  File "main.py", line 11, in <module>
    data_ingestion.main()
  File "C:\Users\WEB\anaconda3\envs\kidney\lib\site-packages\cnnClassifier\pipeline\stage_01_data_ingestion.py", line 17, in main
    data_ingestion.download_file()
  File "C:\Users\WEB\anaconda3\envs\kidney\lib\site-packages\cnnClassifier\components\data_ingestion.py", line 15, in download_file
    filename,headers = request.urlretrieve(url=self.config.source_URL,
  File "C:\Users\WEB\anaconda3\envs\kidney\lib\urllib\request.py", line 257, in urlretrieve
    tfp = open(filename, 'wb')
FileNotFoundError: [Errno 2] No such file or directory: 'artifacts/data_ingestion/data.zip'
[2025-02-07 08:03:27,452:INFO:main:>>>>>> stage Data Ingestion stage started <<<<<<]
[2025-02-07 08:03:27,468:INFO:common:yaml file: config\config.yaml loaded successfully]
[2025-02-07 08:03:27,474:INFO:common:yaml file: params.yaml loaded successfully]
[2025-02-07 08:03:27,475:INFO:common:created directory at: artifacts]
[2025-02-07 08:03:27,475:INFO:common:created directory at: artifacts/prepare_base_model]
[2025-02-07 08:03:29,334:ERROR:main:[Errno 2] No such file or directory: 'artifacts/data_ingestion/data.zip']
Traceback (most recent call last):
  File "main.py", line 11, in <module>
    data_ingestion.main()
  File "C:\Users\WEB\anaconda3\envs\kidney\lib\site-packages\cnnClassifier\pipeline\stage_01_data_ingestion.py", line 17, in main
    data_ingestion.download_file()
  File "C:\Users\WEB\anaconda3\envs\kidney\lib\site-packages\cnnClassifier\components\data_ingestion.py", line 15, in download_file
    filename,headers = request.urlretrieve(url=self.config.source_URL,
  File "C:\Users\WEB\anaconda3\envs\kidney\lib\urllib\request.py", line 257, in urlretrieve
    tfp = open(filename, 'wb')
FileNotFoundError: [Errno 2] No such file or directory: 'artifacts/data_ingestion/data.zip'
[2025-02-07 08:23:22,751:INFO:main:>>>>>> stage Data Ingestion stage started <<<<<<]
[2025-02-07 08:23:22,759:INFO:common:yaml file: config\config.yaml loaded successfully]
[2025-02-07 08:23:22,762:INFO:common:yaml file: params.yaml loaded successfully]
[2025-02-07 08:23:22,762:INFO:common:created directory at: artifacts]
[2025-02-07 08:23:22,762:INFO:common:created directory at: artifacts/prepare_base_model]
[2025-02-07 08:23:24,884:ERROR:main:[Errno 2] No such file or directory: 'artifacts/data_ingestion/data.zip']
Traceback (most recent call last):
  File "main.py", line 11, in <module>
    data_ingestion.main()
  File "C:\Users\WEB\anaconda3\envs\kidney\lib\site-packages\cnnClassifier\pipeline\stage_01_data_ingestion.py", line 17, in main
    data_ingestion.download_file()
  File "C:\Users\WEB\anaconda3\envs\kidney\lib\site-packages\cnnClassifier\components\data_ingestion.py", line 15, in download_file
    filename,headers = request.urlretrieve(url=self.config.source_URL,
  File "C:\Users\WEB\anaconda3\envs\kidney\lib\urllib\request.py", line 257, in urlretrieve
    tfp = open(filename, 'wb')
FileNotFoundError: [Errno 2] No such file or directory: 'artifacts/data_ingestion/data.zip'
[2025-02-07 08:25:01,976:INFO:main:>>>>>> stage Data Ingestion stage started <<<<<<]
[2025-02-07 08:25:01,991:INFO:common:yaml file: config\config.yaml loaded successfully]
[2025-02-07 08:25:01,991:INFO:common:yaml file: params.yaml loaded successfully]
[2025-02-07 08:25:01,991:INFO:common:created directory at: artifacts]
[2025-02-07 08:25:01,998:INFO:common:created directory at: artifacts/prepare_base_model]
[2025-02-07 08:25:03,482:ERROR:main:[Errno 2] No such file or directory: 'artifacts/data_ingestion/data.zip']
Traceback (most recent call last):
  File "main.py", line 11, in <module>
    data_ingestion.main()
  File "C:\Users\WEB\anaconda3\envs\kidney\lib\site-packages\cnnClassifier\pipeline\stage_01_data_ingestion.py", line 17, in main
    data_ingestion.download_file()
  File "C:\Users\WEB\anaconda3\envs\kidney\lib\site-packages\cnnClassifier\components\data_ingestion.py", line 15, in download_file
    filename,headers = request.urlretrieve(url=self.config.source_URL,
  File "C:\Users\WEB\anaconda3\envs\kidney\lib\urllib\request.py", line 257, in urlretrieve
    tfp = open(filename, 'wb')
FileNotFoundError: [Errno 2] No such file or directory: 'artifacts/data_ingestion/data.zip'
[2025-02-07 10:26:29,913:INFO:main:>>>>>> stage Data Ingestion stage started <<<<<<]
[2025-02-07 10:26:29,984:INFO:common:yaml file: config\config.yaml loaded successfully]
[2025-02-07 10:26:30,005:INFO:common:yaml file: params.yaml loaded successfully]
[2025-02-07 10:26:30,017:INFO:common:created directory at: artifacts]
[2025-02-07 10:26:30,019:INFO:common:created directory at: artifacts/prepare_base_model]
[2025-02-07 10:26:32,358:ERROR:main:[Errno 2] No such file or directory: 'artifacts/data_ingestion/data.zip']
Traceback (most recent call last):
  File "main.py", line 11, in <module>
    data_ingestion.main()
  File "C:\Users\WEB\anaconda3\envs\kidney\lib\site-packages\cnnClassifier\pipeline\stage_01_data_ingestion.py", line 17, in main
    data_ingestion.download_file()
  File "C:\Users\WEB\anaconda3\envs\kidney\lib\site-packages\cnnClassifier\components\data_ingestion.py", line 15, in download_file
    filename,headers = request.urlretrieve(url=self.config.source_URL,
  File "C:\Users\WEB\anaconda3\envs\kidney\lib\urllib\request.py", line 257, in urlretrieve
    tfp = open(filename, 'wb')
FileNotFoundError: [Errno 2] No such file or directory: 'artifacts/data_ingestion/data.zip'
[2025-02-07 10:33:55,828:INFO:common:yaml file: config\config.yaml loaded successfully]
[2025-02-07 10:33:55,829:INFO:common:yaml file: params.yaml loaded successfully]
[2025-02-07 10:33:55,837:INFO:common:created directory at: artifacts]
[2025-02-07 10:33:55,838:INFO:common:created directory at: artifacts/prepare_base_model]
[2025-02-07 10:33:55,842:INFO:986331348:Downloading data from https://drive.google.com/file/d/1vlhZ5c7abUKF8xXERIw6m9Te8fW7ohw3/view?usp=sharing into file artifacts/data_ingestion/data.zip]
[2025-02-07 10:35:07,947:INFO:986331348:Downloaded data from https://drive.google.com/file/d/1vlhZ5c7abUKF8xXERIw6m9Te8fW7ohw3/view?usp=sharing into file artifacts/data_ingestion/data.zip]
[2025-02-07 10:39:23,257:INFO:main:>>>>>> stage Data Ingestion stage started <<<<<<]
[2025-02-07 10:39:23,257:INFO:common:yaml file: config\config.yaml loaded successfully]
[2025-02-07 10:39:23,272:INFO:common:yaml file: params.yaml loaded successfully]
[2025-02-07 10:39:23,274:INFO:common:created directory at: artifacts]
[2025-02-07 10:39:23,274:INFO:common:created directory at: artifacts/prepare_base_model]
[2025-02-07 10:39:23,277:INFO:data_ingestion:File already exists of size: ~ 56361 KB]
[2025-02-07 10:39:24,590:INFO:main:>>>>>> stage Data Ingestion stage completed <<<<<<

x==========x]
[2025-02-07 10:39:24,590:INFO:main:*******************]
[2025-02-07 10:39:24,590:INFO:main:>>>>>> stage Prepare base model started <<<<<<]
[2025-02-07 10:39:24,590:INFO:common:yaml file: config\config.yaml loaded successfully]
[2025-02-07 10:39:24,599:INFO:common:yaml file: params.yaml loaded successfully]
[2025-02-07 10:39:24,602:INFO:common:created directory at: artifacts]
[2025-02-07 10:39:24,610:ERROR:main:"'ConfigBox' object has no attribute 'prepare_base_model'"]
Traceback (most recent call last):
  File "box\\box.py", line 593, in box.box.Box.__getitem__
KeyError: 'prepare_base_model'

The above exception was the direct cause of the following exception:

Traceback (most recent call last):
  File "box\\box.py", line 632, in box.box.Box.__getattr__
  File "box\\box.py", line 620, in box.box.Box.__getitem__
box.exceptions.BoxKeyError: "'prepare_base_model'"

During handling of the above exception, another exception occurred:

Traceback (most recent call last):
  File "box\\box.py", line 634, in box.box.Box.__getattr__
AttributeError: 'ConfigBox' object has no attribute 'prepare_base_model'

The above exception was the direct cause of the following exception:

Traceback (most recent call last):
  File "box\\config_box.py", line 29, in box.config_box.ConfigBox.__getattr__
  File "box\\box.py", line 648, in box.box.Box.__getattr__
box.exceptions.BoxKeyError: "'ConfigBox' object has no attribute 'prepare_base_model'"

During handling of the above exception, another exception occurred:

Traceback (most recent call last):
  File "box\\box.py", line 593, in box.box.Box.__getitem__
KeyError: 'prepare_base_model'

The above exception was the direct cause of the following exception:

Traceback (most recent call last):
  File "box\\box.py", line 632, in box.box.Box.__getattr__
  File "box\\box.py", line 620, in box.box.Box.__getitem__
box.exceptions.BoxKeyError: "'prepare_base_model'"

During handling of the above exception, another exception occurred:

Traceback (most recent call last):
  File "box\\box.py", line 634, in box.box.Box.__getattr__
AttributeError: 'ConfigBox' object has no attribute 'prepare_base_model'

The above exception was the direct cause of the following exception:

Traceback (most recent call last):
  File "main.py", line 26, in <module>
    prepare_base_model.main()
  File "C:\Users\WEB\anaconda3\envs\kidney\lib\site-packages\cnnClassifier\pipeline\stage_02_prepare_base_model.py", line 14, in main
    prepare_base_model_config = config.get_prepare_base_model_config()
  File "C:\Users\WEB\anaconda3\envs\kidney\lib\site-packages\cnnClassifier\config\configuration.py", line 34, in get_prepare_base_model_config
    config = self.config.prepare_base_model
  File "box\\config_box.py", line 31, in box.config_box.ConfigBox.__getattr__
  File "box\\box.py", line 648, in box.box.Box.__getattr__
box.exceptions.BoxKeyError: "'ConfigBox' object has no attribute 'prepare_base_model'"
[2025-02-07 11:12:42,494:INFO:common:yaml file: config\config.yaml loaded successfully]
[2025-02-07 11:12:42,535:INFO:common:yaml file: params.yaml loaded successfully]
[2025-02-07 11:12:42,535:INFO:common:created directory at: artifacts]
[2025-02-07 11:18:09,413:INFO:common:yaml file: config\config.yaml loaded successfully]
[2025-02-07 11:18:09,422:INFO:common:yaml file: params.yaml loaded successfully]
[2025-02-07 11:18:09,422:INFO:common:created directory at: artifacts]
[2025-02-07 13:59:07,163:INFO:common:yaml file: config\config.yaml loaded successfully]
[2025-02-07 13:59:07,491:INFO:common:yaml file: params.yaml loaded successfully]
[2025-02-07 13:59:07,505:INFO:common:created directory at: artifacts]
[2025-02-07 13:59:07,567:INFO:common:created directory at: artifacts/prepare_base_model]
[2025-02-07 14:58:16,573:INFO:common:yaml file: config\config.yaml loaded successfully]
[2025-02-07 14:58:16,607:INFO:common:yaml file: params.yaml loaded successfully]
[2025-02-07 14:58:16,610:INFO:common:created directory at: artifacts]
[2026-02-04 10:35:36,871: INFO: main: >>>>>> stage Data Ingestion stage started <<<<<<]
[2026-02-04 10:35:37,195: INFO: common: yaml file: config\config.yaml loaded successfully]
[2026-02-04 10:35:37,257: INFO: common: yaml file: params.yaml loaded successfully]
[2026-02-04 10:35:37,259: INFO: common: created directory at: artifacts]
[2026-02-04 10:35:37,259: INFO: common: created directory at: artifacts/data_ingestion]
[2026-02-04 10:35:37,259: INFO: data_ingestion: Downloading data from https://drive.google.com/file/d/1vlhZ5c7abUKF8xXERIw6m9Te8fW7ohw3/view?usp=sharing into file artifacts/data_ingestion/data.zip]
[2026-02-04 10:39:49,714: INFO: data_ingestion: Successfully downloaded data from https://drive.google.com/file/d/1vlhZ5c7abUKF8xXERIw6m9Te8fW7ohw3/view?usp=sharing into file artifacts/data_ingestion/data.zip]
[2026-02-04 10:39:50,951: INFO: data_ingestion: Extracted data to: artifacts/data_ingestion]
[2026-02-04 10:39:50,953: INFO: main: >>>>>> stage Data Ingestion stage completed <<<<<<

x==========x]
[2026-02-04 10:39:50,954: INFO: main: *******************]
[2026-02-04 10:39:50,955: INFO: main: >>>>>> stage Prepare base model started <<<<<<]
[2026-02-04 10:39:50,961: INFO: common: yaml file: config\config.yaml loaded successfully]
[2026-02-04 10:39:50,965: INFO: common: yaml file: params.yaml loaded successfully]
[2026-02-04 10:39:50,965: INFO: common: created directory at: artifacts]
[2026-02-04 10:39:50,968: INFO: common: created directory at: artifacts/prepare_base_model]
[2026-02-04 10:39:52,155: WARNING: saving_utils: Compiled the loaded model, but the compiled metrics have yet to be built. `model.compile_metrics` will be empty until you train or evaluate the model.]
[2026-02-04 10:39:52,864: INFO: main: >>>>>> stage Prepare base model completed <<<<<<

x==========x]
[2026-02-04 10:39:52,864: INFO: main: *******************]
[2026-02-04 10:39:52,864: INFO: main: >>>>>> stage Training started <<<<<<]
[2026-02-04 10:39:52,871: INFO: common: yaml file: config\config.yaml loaded successfully]
[2026-02-04 10:39:52,875: INFO: common: yaml file: params.yaml loaded successfully]
[2026-02-04 10:39:52,879: INFO: common: created directory at: artifacts]
[2026-02-04 10:39:52,879: INFO: common: created directory at: artifacts/training]
[2026-02-04 10:39:53,871: ERROR: main: [WinError 3] The system cannot find the path specified: 'artifacts\\data_ingestion\\Kidney_CT_Scan_data']
Traceback (most recent call last):
  File "main.py", line 43, in <module>
    model_trainer.main()
  File "d:\projects\kidney-disease-classification-mlflow-dvc\src\cnnClassifier\pipeline\stage_03_model_training.py", line 19, in main
    training.train_valid_generator()
  File "d:\projects\kidney-disease-classification-mlflow-dvc\src\cnnClassifier\components\model_training.py", line 32, in train_valid_generator
    self.valid_generator = valid_datagenerator.flow_from_directory(
  File "C:\Users\WEB\Anaconda3\envs\kidney\lib\site-packages\keras\preprocessing\image.py", line 1648, in flow_from_directory
    return DirectoryIterator(
  File "C:\Users\WEB\Anaconda3\envs\kidney\lib\site-packages\keras\preprocessing\image.py", line 563, in __init__
    for subdir in sorted(os.listdir(directory)):
FileNotFoundError: [WinError 3] The system cannot find the path specified: 'artifacts\\data_ingestion\\Kidney_CT_Scan_data'
[2026-02-04 10:42:50,659: INFO: main: >>>>>> stage Data Ingestion stage started <<<<<<]
[2026-02-04 10:42:50,664: INFO: common: yaml file: config\config.yaml loaded successfully]
[2026-02-04 10:42:50,670: INFO: common: yaml file: params.yaml loaded successfully]
[2026-02-04 10:42:50,671: INFO: common: created directory at: artifacts]
[2026-02-04 10:42:50,673: INFO: common: created directory at: artifacts/data_ingestion]
[2026-02-04 10:42:50,673: INFO: data_ingestion: Downloading data from https://drive.google.com/file/d/1vlhZ5c7abUKF8xXERIw6m9Te8fW7ohw3/view?usp=sharing into file artifacts/data_ingestion/data.zip]
[2026-02-04 10:43:59,821: INFO: data_ingestion: Successfully downloaded data from https://drive.google.com/file/d/1vlhZ5c7abUKF8xXERIw6m9Te8fW7ohw3/view?usp=sharing into file artifacts/data_ingestion/data.zip]
[2026-02-04 10:44:01,043: INFO: data_ingestion: Extracted data to: artifacts/data_ingestion]
[2026-02-04 10:44:01,043: INFO: main: >>>>>> stage Data Ingestion stage completed <<<<<<

x==========x]
[2026-02-04 10:44:01,045: INFO: main: *******************]
[2026-02-04 10:44:01,045: INFO: main: >>>>>> stage Prepare base model started <<<<<<]
[2026-02-04 10:44:01,057: INFO: common: yaml file: config\config.yaml loaded successfully]
[2026-02-04 10:44:01,064: INFO: common: yaml file: params.yaml loaded successfully]
[2026-02-04 10:44:01,066: INFO: common: created directory at: artifacts]
[2026-02-04 10:44:01,069: INFO: common: created directory at: artifacts/prepare_base_model]
[2026-02-04 10:44:02,042: WARNING: saving_utils: Compiled the loaded model, but the compiled metrics have yet to be built. `model.compile_metrics` will be empty until you train or evaluate the model.]
[2026-02-04 10:44:04,375: INFO: main: >>>>>> stage Prepare base model completed <<<<<<

x==========x]
[2026-02-04 10:44:04,375: INFO: main: *******************]
[2026-02-04 10:44:04,375: INFO: main: >>>>>> stage Training started <<<<<<]
[2026-02-04 10:44:04,386: INFO: common: yaml file: config\config.yaml loaded successfully]
[2026-02-04 10:44:04,396: INFO: common: yaml file: params.yaml loaded successfully]
[2026-02-04 10:44:04,397: INFO: common: created directory at: artifacts]
[2026-02-04 10:44:04,398: INFO: common: created directory at: artifacts/training]
[2026-02-04 10:46:09,504: INFO: main: >>>>>> stage Training completed <<<<<<

x==========x]
[2026-02-04 10:46:09,505: INFO: main: *******************]
[2026-02-04 10:46:09,505: INFO: main: >>>>>> stage Evaluation stage started <<<<<<]
[2026-02-04 10:46:09,509: INFO: common: yaml file: config\config.yaml loaded successfully]
[2026-02-04 10:46:09,514: INFO: common: yaml file: params.yaml loaded successfully]
[2026-02-04 10:46:09,514: INFO: common: created directory at: artifacts]
[2026-02-04 10:46:48,814: INFO: common: json file saved at: scores.json]
[2026-02-04 10:46:48,814: INFO: main: >>>>>> stage Evaluation stage completed <<<<<<

x==========x]
[2026-02-04 10:50:57,671: INFO: common: yaml file: config\config.yaml loaded successfully]
[2026-02-04 10:50:57,673: INFO: common: yaml file: params.yaml loaded successfully]
[2026-02-04 10:50:57,673: INFO: common: created directory at: artifacts]
[2026-02-04 10:50:58,801: INFO: _internal: [31m[1mWARNING: This is a development server. Do not use it in a production deployment. Use a production WSGI server instead.[0m
 * Running on all addresses (0.0.0.0)
 * Running on http://127.0.0.1:8080
 * Running on http://192.168.43.197:8080]
[2026-02-04 10:50:58,806: INFO: _internal: [33mPress CTRL+C to quit[0m]
[2026-02-04 10:51:18,935: INFO: _internal: 127.0.0.1 - - [04/Feb/2026 10:51:18] "GET / HTTP/1.1" 200 -]
[2026-02-04 10:51:18,948: INFO: _internal: 127.0.0.1 - - [04/Feb/2026 10:51:18] "GET / HTTP/1.1" 200 -]
[2026-02-04 10:51:19,564: INFO: _internal: 127.0.0.1 - - [04/Feb/2026 10:51:19] "GET / HTTP/1.1" 200 -]
[2026-02-04 10:51:19,879: INFO: _internal: 127.0.0.1 - - [04/Feb/2026 10:51:19] "GET / HTTP/1.1" 200 -]
[2026-02-04 10:51:57,559: INFO: _internal: 127.0.0.1 - - [04/Feb/2026 10:51:57] "[33mGET /favicon.ico HTTP/1.1[0m" 404 -]
[2026-02-04 10:51:57,821: INFO: _internal: 127.0.0.1 - - [04/Feb/2026 10:51:57] "[33mGET /favicon.ico HTTP/1.1[0m" 404 -]
[2026-02-04 10:55:24,359: INFO: common: yaml file: config\config.yaml loaded successfully]
[2026-02-04 10:55:24,365: INFO: common: yaml file: params.yaml loaded successfully]
[2026-02-04 10:55:24,365: INFO: common: created directory at: artifacts]
[2026-02-04 10:55:25,277: INFO: _internal: [31m[1mWARNING: This is a development server. Do not use it in a production deployment. Use a production WSGI server instead.[0m
 * Running on all addresses (0.0.0.0)
 * Running on http://127.0.0.1:8080
 * Running on http://192.168.43.197:8080]
[2026-02-04 10:55:25,279: INFO: _internal: [33mPress CTRL+C to quit[0m]
[2026-02-04 10:55:32,535: INFO: _internal: 127.0.0.1 - - [04/Feb/2026 10:55:32] "GET / HTTP/1.1" 200 -]
[2026-02-04 10:55:32,784: INFO: _internal: 127.0.0.1 - - [04/Feb/2026 10:55:32] "GET / HTTP/1.1" 200 -]
[2026-02-04 10:55:37,461: INFO: _internal: 127.0.0.1 - - [04/Feb/2026 10:55:37] "[33mGET /favicon.ico HTTP/1.1[0m" 404 -]
[2026-02-04 11:23:23,513: INFO: main: >>>>>> stage Data Ingestion stage started <<<<<<]
[2026-02-04 11:23:23,520: INFO: common: yaml file: config\config.yaml loaded successfully]
[2026-02-04 11:23:23,524: INFO: common: yaml file: params.yaml loaded successfully]
[2026-02-04 11:23:23,525: INFO: common: created directory at: artifacts]
[2026-02-04 11:23:23,526: INFO: common: created directory at: artifacts/data_ingestion]
[2026-02-04 11:23:23,527: INFO: data_ingestion: Downloading data from https://drive.google.com/file/d/1vlhZ5c7abUKF8xXERIw6m9Te8fW7ohw3/view?usp=sharing into file artifacts/data_ingestion/data.zip]
[2026-02-04 11:24:47,135: INFO: data_ingestion: Successfully downloaded data from https://drive.google.com/file/d/1vlhZ5c7abUKF8xXERIw6m9Te8fW7ohw3/view?usp=sharing into file artifacts/data_ingestion/data.zip]
[2026-02-04 11:24:47,959: INFO: data_ingestion: Extracted data to: artifacts/data_ingestion]
[2026-02-04 11:24:47,959: INFO: main: >>>>>> stage Data Ingestion stage completed <<<<<<

x==========x]
[2026-02-04 11:24:47,959: INFO: main: >>>>>> stage Data Validation stage started <<<<<<]
[2026-02-04 11:24:47,967: INFO: common: yaml file: config\config.yaml loaded successfully]
[2026-02-04 11:24:47,971: INFO: common: yaml file: params.yaml loaded successfully]
[2026-02-04 11:24:47,972: INFO: common: created directory at: artifacts]
[2026-02-04 11:24:47,973: INFO: common: created directory at: artifacts/data_validation]
[2026-02-04 11:24:47,974: INFO: main: >>>>>> stage Data Validation stage completed <<<<<<

x==========x]
[2026-02-04 11:24:47,975: INFO: main: *******************]
[2026-02-04 11:24:47,975: INFO: main: >>>>>> stage Prepare base model started <<<<<<]
[2026-02-04 11:24:47,981: INFO: common: yaml file: config\config.yaml loaded successfully]
[2026-02-04 11:24:47,985: INFO: common: yaml file: params.yaml loaded successfully]
[2026-02-04 11:24:47,986: INFO: common: created directory at: artifacts]
[2026-02-04 11:24:47,987: INFO: common: created directory at: artifacts/prepare_base_model]
[2026-02-04 11:24:48,714: WARNING: saving_utils: Compiled the loaded model, but the compiled metrics have yet to be built. `model.compile_metrics` will be empty until you train or evaluate the model.]
[2026-02-04 11:24:53,263: INFO: main: >>>>>> stage Prepare base model completed <<<<<<

x==========x]
[2026-02-04 11:24:53,264: INFO: main: *******************]
[2026-02-04 11:24:53,265: INFO: main: >>>>>> stage Training started <<<<<<]
[2026-02-04 11:24:53,273: INFO: common: yaml file: config\config.yaml loaded successfully]
[2026-02-04 11:24:53,277: INFO: common: yaml file: params.yaml loaded successfully]
[2026-02-04 11:24:53,277: INFO: common: created directory at: artifacts]
[2026-02-04 11:24:53,280: INFO: common: created directory at: artifacts/training]
[2026-02-04 11:27:05,451: INFO: main: >>>>>> stage Training completed <<<<<<

x==========x]
[2026-02-04 11:27:05,451: INFO: main: *******************]
[2026-02-04 11:27:05,454: INFO: main: >>>>>> stage Evaluation stage started <<<<<<]
[2026-02-04 11:27:05,459: INFO: common: yaml file: config\config.yaml loaded successfully]
[2026-02-04 11:27:05,463: INFO: common: yaml file: params.yaml loaded successfully]
[2026-02-04 11:27:05,463: INFO: common: created directory at: artifacts]
[2026-02-04 11:27:43,905: INFO: common: json file saved at: scores.json]
[2026-02-04 11:27:43,905: INFO: main: >>>>>> stage Evaluation stage completed <<<<<<

x==========x]
[2026-02-04 11:36:12,751: INFO: common: yaml file: config\config.yaml loaded successfully]
[2026-02-04 11:36:12,755: INFO: common: yaml file: params.yaml loaded successfully]
[2026-02-04 11:36:12,758: INFO: common: created directory at: artifacts]
[2026-02-04 11:37:53,495: INFO: common: yaml file: config\config.yaml loaded successfully]
[2026-02-04 11:37:53,495: INFO: common: yaml file: params.yaml loaded successfully]
[2026-02-04 11:37:53,500: INFO: common: created directory at: artifacts]
